This is pdfTeX, Version 3.14159265-2.6-1.40.17 (MiKTeX 2.9.6210 64-bit) (preloaded format=pdflatex 2017.3.16)  20 MAY 2017 22:02
entering extended mode
**./diploma.tex
(diploma.tex
LaTeX2e <2017/01/01> patch level 1
Babel <3.9r> and hyphenation patterns for 75 language(s) loaded.
("C:\Program Files\MiKTeX 2.9\tex\latex\base\report.cls"
Document Class: report 2014/09/29 v1.4h Standard LaTeX document class
("C:\Program Files\MiKTeX 2.9\tex\latex\base\size11.clo"
File: size11.clo 2014/09/29 v1.4h Standard LaTeX file (size option)
)
\c@part=\count79
\c@chapter=\count80
\c@section=\count81
\c@subsection=\count82
\c@subsubsection=\count83
\c@paragraph=\count84
\c@subparagraph=\count85
\c@figure=\count86
\c@table=\count87
\abovecaptionskip=\skip41
\belowcaptionskip=\skip42
\bibindent=\dimen102
)
("C:\Program Files\MiKTeX 2.9\tex\latex\base\t1enc.sty"
Package: t1enc 1994/06/01 Standard LaTeX package
)
("C:\Program Files\MiKTeX 2.9\tex\latex\base\inputenc.sty"
Package: inputenc 2015/03/17 v1.2c Input encoding file
\inpenc@prehook=\toks14
\inpenc@posthook=\toks15

("C:\Program Files\MiKTeX 2.9\tex\latex\ucs\utf8x.def"
File: utf8x.def 2004/10/17 UCS: Input encoding UTF-8
))
("C:\Program Files\MiKTeX 2.9\tex\latex\ucs\ucs.sty"
Package: ucs 2013/05/11 v2.2 UCS: Unicode input support

("C:\Program Files\MiKTeX 2.9\tex\latex\ucs\uni-global.def"
File: uni-global.def 2013/05/13 UCS: Unicode global data
)
\uc@secondtry=\count88
\uc@combtoks=\toks16
\uc@combtoksb=\toks17
\uc@temptokena=\toks18
)
("C:\Program Files\MiKTeX 2.9\tex\latex\amsmath\amsmath.sty"
Package: amsmath 2016/11/05 v2.16a AMS math features
\@mathmargin=\skip43

For additional information on amsmath, use the `?' option.
("C:\Program Files\MiKTeX 2.9\tex\latex\amsmath\amstext.sty"
Package: amstext 2000/06/29 v2.01 AMS text

("C:\Program Files\MiKTeX 2.9\tex\latex\amsmath\amsgen.sty"
File: amsgen.sty 1999/11/30 v2.0 generic functions
\@emptytoks=\toks19
\ex@=\dimen103
))
("C:\Program Files\MiKTeX 2.9\tex\latex\amsmath\amsbsy.sty"
Package: amsbsy 1999/11/29 v1.2d Bold Symbols
\pmbraise@=\dimen104
)
("C:\Program Files\MiKTeX 2.9\tex\latex\amsmath\amsopn.sty"
Package: amsopn 2016/03/08 v2.02 operator names
)
\inf@bad=\count89
LaTeX Info: Redefining \frac on input line 213.
\uproot@=\count90
\leftroot@=\count91
LaTeX Info: Redefining \overline on input line 375.
\classnum@=\count92
\DOTSCASE@=\count93
LaTeX Info: Redefining \ldots on input line 472.
LaTeX Info: Redefining \dots on input line 475.
LaTeX Info: Redefining \cdots on input line 596.
\Mathstrutbox@=\box26
\strutbox@=\box27
\big@size=\dimen105
LaTeX Font Info:    Redeclaring font encoding OML on input line 712.
LaTeX Font Info:    Redeclaring font encoding OMS on input line 713.
\macc@depth=\count94
\c@MaxMatrixCols=\count95
\dotsspace@=\muskip10
\c@parentequation=\count96
\dspbrk@lvl=\count97
\tag@help=\toks20
\row@=\count98
\column@=\count99
\maxfields@=\count100
\andhelp@=\toks21
\eqnshift@=\dimen106
\alignsep@=\dimen107
\tagshift@=\dimen108
\tagwidth@=\dimen109
\totwidth@=\dimen110
\lineht@=\dimen111
\@envbody=\toks22
\multlinegap=\skip44
\multlinetaggap=\skip45
\mathdisplay@stack=\toks23
LaTeX Info: Redefining \[ on input line 2817.
LaTeX Info: Redefining \] on input line 2818.
)
("C:\Program Files\MiKTeX 2.9\tex\latex\amsfonts\amssymb.sty"
Package: amssymb 2013/01/14 v3.01 AMS font symbols

("C:\Program Files\MiKTeX 2.9\tex\latex\amsfonts\amsfonts.sty"
Package: amsfonts 2013/01/14 v3.01 Basic AMSFonts support
\symAMSa=\mathgroup4
\symAMSb=\mathgroup5
LaTeX Font Info:    Overwriting math alphabet `\mathfrak' in version `bold'
(Font)                  U/euf/m/n --> U/euf/b/n on input line 106.
))
("C:\Program Files\MiKTeX 2.9\tex\latex\tools\enumerate.sty"
Package: enumerate 2015/07/23 v3.00 enumerate extensions (DPC)
\@enLab=\toks24
)
("C:\Program Files\MiKTeX 2.9\tex\latex\graphics\graphics.sty"
Package: graphics 2016/10/09 v1.0u Standard LaTeX Graphics (DPC,SPQR)

("C:\Program Files\MiKTeX 2.9\tex\latex\graphics\trig.sty"
Package: trig 2016/01/03 v1.10 sin cos tan (DPC)
)
("C:\Program Files\MiKTeX 2.9\tex\latex\graphics-cfg\graphics.cfg"
File: graphics.cfg 2016/06/04 v1.11 sample graphics configuration
)
Package graphics Info: Driver file: pdftex.def on input line 99.

("C:\Program Files\MiKTeX 2.9\tex\latex\graphics-def\pdftex.def"
File: pdftex.def 2017/01/12 v0.06k Graphics/color for pdfTeX

("C:\Program Files\MiKTeX 2.9\tex\generic\oberdiek\infwarerr.sty"
Package: infwarerr 2016/05/16 v1.4 Providing info/warning/error messages (HO)
)
("C:\Program Files\MiKTeX 2.9\tex\generic\oberdiek\ltxcmds.sty"
Package: ltxcmds 2016/05/16 v1.23 LaTeX kernel commands for general use (HO)
)
\Gread@gobject=\count101
))
("C:\Program Files\MiKTeX 2.9\tex\latex\graphics\epsfig.sty"
Package: epsfig 1999/02/16 v1.7a (e)psfig emulation (SPQR)

("C:\Program Files\MiKTeX 2.9\tex\latex\graphics\graphicx.sty"
Package: graphicx 2014/10/28 v1.0g Enhanced LaTeX Graphics (DPC,SPQR)

("C:\Program Files\MiKTeX 2.9\tex\latex\graphics\keyval.sty"
Package: keyval 2014/10/28 v1.15 key=value parser (DPC)
\KV@toks@=\toks25
)
\Gin@req@height=\dimen112
\Gin@req@width=\dimen113
)
\epsfxsize=\dimen114
\epsfysize=\dimen115
)
("C:\Program Files\MiKTeX 2.9\tex\latex\listings\listings.sty"
\lst@mode=\count102
\lst@gtempboxa=\box28
\lst@token=\toks26
\lst@length=\count103
\lst@currlwidth=\dimen116
\lst@column=\count104
\lst@pos=\count105
\lst@lostspace=\dimen117
\lst@width=\dimen118
\lst@newlines=\count106
\lst@lineno=\count107
\lst@maxwidth=\dimen119

("C:\Program Files\MiKTeX 2.9\tex\latex\listings\lstmisc.sty"
File: lstmisc.sty 2015/06/04 1.6 (Carsten Heinz)
\c@lstnumber=\count108
\lst@skipnumbers=\count109
\lst@framebox=\box29
)
("C:\Program Files\MiKTeX 2.9\tex\latex\listings\listings.cfg"
File: listings.cfg 2015/06/04 1.6 listings configuration
))
Package: listings 2015/06/04 1.6 (Carsten Heinz)

("C:\Program Files\MiKTeX 2.9\tex\latex\graphics\color.sty"
Package: color 2016/07/10 v1.1e Standard LaTeX Color (DPC)

("C:\Program Files\MiKTeX 2.9\tex\latex\graphics-cfg\color.cfg"
File: color.cfg 2016/01/02 v1.6 sample color configuration
)
Package color Info: Driver file: pdftex.def on input line 147.
)
("C:\Program Files\MiKTeX 2.9\tex\latex\lastpage\lastpage.sty"
Package: lastpage 2015/03/29 v1.2m Refers to last page's name (HMM; JPG)
)
("C:\Program Files\MiKTeX 2.9\tex\latex\ltxmisc\anysize.sty"
Package: anysize 1994/08/13 1.0 Contributed LaTeX2e package

Package: `anysize' 1.0 <1994/08/13>
\@Leftmargin=\dimen120
\@Rightmargin=\dimen121
\@Topmargin=\dimen122
\@Bottommargin=\dimen123
) ("C:\Program Files\MiKTeX 2.9\tex\generic\babel\babel.sty"
Package: babel 2016/04/23 3.9r The Babel package

*************************************
* Local config file bblopts.cfg used
*
("C:\Program Files\MiKTeX 2.9\tex\latex\arabi\bblopts.cfg"
File: bblopts.cfg 2005/09/08 v0.1 add Arabic and Farsi to "declared" options of
 babel
) (magyar.ldf
Language: magyar 2007/10/19 v1.5 Magyar support from the babel v3.7 system

("C:\Program Files\MiKTeX 2.9\tex\generic\babel\babel.def"
File: babel.def 2016/04/23 3.9r Babel common definitions
\babel@savecnt=\count110
\U@D=\dimen124
)
Package babel Info: Making ` an active character on input line 2609.
\c@footnote@add=\count111
\c@footnote@ch=\count112
))
("C:\Program Files\MiKTeX 2.9\tex\latex\sectsty\sectsty.sty"
Package: sectsty 2002/02/25 v2.0.2 Commands to change all sectional heading sty
les
)
("C:\Program Files\MiKTeX 2.9\tex\latex\setspace\setspace.sty"
Package: setspace 2011/12/19 v6.7a set line spacing
)
("C:\Program Files\MiKTeX 2.9\tex\latex\caption\caption.sty"
Package: caption 2016/02/21 v3.3-144 Customizing captions (AR)

("C:\Program Files\MiKTeX 2.9\tex\latex\caption\caption3.sty"
Package: caption3 2016/05/22 v1.7-166 caption3 kernel (AR)
Package caption3 Info: TeX engine: e-TeX on input line 67.
\captionmargin=\dimen125
\captionmargin@=\dimen126
\captionwidth=\dimen127
\caption@tempdima=\dimen128
\caption@indent=\dimen129
\caption@parindent=\dimen130
\caption@hangindent=\dimen131
)
\c@ContinuedFloat=\count113
Package caption Info: magyar babel option is loaded.
Package caption Info: listings package is loaded.
)
("C:\Program Files\MiKTeX 2.9\tex\latex\hyperref\hyperref.sty"
Package: hyperref 2016/06/24 v6.83q Hypertext links for LaTeX

("C:\Program Files\MiKTeX 2.9\tex\generic\oberdiek\hobsub-hyperref.sty"
Package: hobsub-hyperref 2016/05/16 v1.14 Bundle oberdiek, subset hyperref (HO)


("C:\Program Files\MiKTeX 2.9\tex\generic\oberdiek\hobsub-generic.sty"
Package: hobsub-generic 2016/05/16 v1.14 Bundle oberdiek, subset generic (HO)
Package: hobsub 2016/05/16 v1.14 Construct package bundles (HO)
Package hobsub Info: Skipping package `infwarerr' (already loaded).
Package hobsub Info: Skipping package `ltxcmds' (already loaded).
Package: ifluatex 2016/05/16 v1.4 Provides the ifluatex switch (HO)
Package ifluatex Info: LuaTeX not detected.
Package: ifvtex 2016/05/16 v1.6 Detect VTeX and its facilities (HO)
Package ifvtex Info: VTeX not detected.
Package: intcalc 2016/05/16 v1.2 Expandable calculations with integers (HO)
Package: ifpdf 2016/05/14 v3.1 Provides the ifpdf switch
Package: etexcmds 2016/05/16 v1.6 Avoid name clashes with e-TeX commands (HO)
Package etexcmds Info: Could not find \expanded.
(etexcmds)             That can mean that you are not using pdfTeX 1.50 or
(etexcmds)             that some package has redefined \expanded.
(etexcmds)             In the latter case, load this package earlier.
Package: kvsetkeys 2016/05/16 v1.17 Key value parser (HO)
Package: kvdefinekeys 2016/05/16 v1.4 Define keys (HO)
Package: pdftexcmds 2016/05/21 v0.22 Utility functions of pdfTeX for LuaTeX (HO
)
Package pdftexcmds Info: LuaTeX not detected.
Package pdftexcmds Info: \pdf@primitive is available.
Package pdftexcmds Info: \pdf@ifprimitive is available.
Package pdftexcmds Info: \pdfdraftmode found.
Package: pdfescape 2016/05/16 v1.14 Implements pdfTeX's escape features (HO)
Package: bigintcalc 2016/05/16 v1.4 Expandable calculations on big integers (HO
)
Package: bitset 2016/05/16 v1.2 Handle bit-vector datatype (HO)
Package: uniquecounter 2016/05/16 v1.3 Provide unlimited unique counter (HO)
)
Package hobsub Info: Skipping package `hobsub' (already loaded).
Package: letltxmacro 2016/05/16 v1.5 Let assignment for LaTeX macros (HO)
Package: hopatch 2016/05/16 v1.3 Wrapper for package hooks (HO)
Package: xcolor-patch 2016/05/16 xcolor patch
Package: atveryend 2016/05/16 v1.9 Hooks at the very end of document (HO)
Package atveryend Info: \enddocument detected (standard20110627).
Package: atbegshi 2016/06/09 v1.18 At begin shipout hook (HO)
Package: refcount 2016/05/16 v3.5 Data extraction from label references (HO)
Package: hycolor 2016/05/16 v1.8 Color options for hyperref/bookmark (HO)
)
("C:\Program Files\MiKTeX 2.9\tex\generic\ifxetex\ifxetex.sty"
Package: ifxetex 2010/09/12 v0.6 Provides ifxetex conditional
)
("C:\Program Files\MiKTeX 2.9\tex\latex\oberdiek\auxhook.sty"
Package: auxhook 2016/05/16 v1.4 Hooks for auxiliary files (HO)
)
("C:\Program Files\MiKTeX 2.9\tex\latex\oberdiek\kvoptions.sty"
Package: kvoptions 2016/05/16 v3.12 Key value format for package options (HO)
)
\@linkdim=\dimen132
\Hy@linkcounter=\count114
\Hy@pagecounter=\count115

("C:\Program Files\MiKTeX 2.9\tex\latex\hyperref\pd1enc.def"
File: pd1enc.def 2016/06/24 v6.83q Hyperref: PDFDocEncoding definition (HO)
)
\Hy@SavedSpaceFactor=\count116

("C:\Program Files\MiKTeX 2.9\tex\latex\00miktex\hyperref.cfg"
File: hyperref.cfg 2002/06/06 v1.2 hyperref configuration of TeXLive
)
Package hyperref Info: Hyper figures OFF on input line 4486.
Package hyperref Info: Link nesting OFF on input line 4491.
Package hyperref Info: Hyper index ON on input line 4494.
Package hyperref Info: Plain pages OFF on input line 4501.
Package hyperref Info: Backreferencing OFF on input line 4506.
Package hyperref Info: Implicit mode ON; LaTeX internals redefined.
Package hyperref Info: Bookmarks ON on input line 4735.
\c@Hy@tempcnt=\count117

("C:\Program Files\MiKTeX 2.9\tex\latex\url\url.sty"
\Urlmuskip=\muskip11
Package: url 2013/09/16  ver 3.4  Verb mode for urls, etc.
)
LaTeX Info: Redefining \url on input line 5088.
\XeTeXLinkMargin=\dimen133
\Fld@menulength=\count118
\Field@Width=\dimen134
\Fld@charsize=\dimen135
Package hyperref Info: Hyper figures OFF on input line 6342.
Package hyperref Info: Link nesting OFF on input line 6347.
Package hyperref Info: Hyper index ON on input line 6350.
Package hyperref Info: backreferencing OFF on input line 6357.
Package hyperref Info: Link coloring OFF on input line 6362.
Package hyperref Info: Link coloring with OCG OFF on input line 6367.
Package hyperref Info: PDF/A mode OFF on input line 6372.
LaTeX Info: Redefining \ref on input line 6412.
LaTeX Info: Redefining \pageref on input line 6416.
\Hy@abspage=\count119
\c@Item=\count120
\c@Hfootnote=\count121
)

Package hyperref Message: Driver (autodetected): hpdftex.

("C:\Program Files\MiKTeX 2.9\tex\latex\hyperref\hpdftex.def"
File: hpdftex.def 2016/06/24 v6.83q Hyperref driver for pdfTeX
\Fld@listcount=\count122
\c@bookmark@seq@number=\count123

("C:\Program Files\MiKTeX 2.9\tex\latex\oberdiek\rerunfilecheck.sty"
Package: rerunfilecheck 2016/05/16 v1.8 Rerun checks for auxiliary files (HO)
Package uniquecounter Info: New unique counter `rerunfilecheck' on input line 2
82.
)
\Hy@SectionHShift=\skip46
)
("C:\Program Files\MiKTeX 2.9\tex\latex\float\float.sty"
Package: float 2001/11/08 v1.3d Float enhancements (AL)
\c@float@type=\count124
\float@exts=\toks27
\float@box=\box30
\@float@everytoks=\toks28
\@floatcapt=\box31
)
("C:\Program Files\MiKTeX 2.9\tex\latex\jknappen\mathrsfs.sty"
Package: mathrsfs 1996/01/01 Math RSFS package v1.0 (jk)
\symrsfs=\mathgroup6
)
("C:\Program Files\MiKTeX 2.9\tex\latex\mathtools\mathtools.sty"
Package: mathtools 2015/11/12 v1.18 mathematical typesetting tools

("C:\Program Files\MiKTeX 2.9\tex\latex\tools\calc.sty"
Package: calc 2014/10/28 v4.3 Infix arithmetic (KKT,FJ)
\calc@Acount=\count125
\calc@Bcount=\count126
\calc@Adimen=\dimen136
\calc@Bdimen=\dimen137
\calc@Askip=\skip47
\calc@Bskip=\skip48
LaTeX Info: Redefining \setlength on input line 80.
LaTeX Info: Redefining \addtolength on input line 81.
\calc@Ccount=\count127
\calc@Cskip=\skip49
)
("C:\Program Files\MiKTeX 2.9\tex\latex\mathtools\mhsetup.sty"
Package: mhsetup 2010/01/21 v1.2a programming setup (MH)
)
LaTeX Info: Thecontrolsequence`\('isalreadyrobust on input line 129.
LaTeX Info: Thecontrolsequence`\)'isalreadyrobust on input line 129.
LaTeX Info: Thecontrolsequence`\['isalreadyrobust on input line 129.
LaTeX Info: Thecontrolsequence`\]'isalreadyrobust on input line 129.
\g_MT_multlinerow_int=\count128
\l_MT_multwidth_dim=\dimen138
\origjot=\skip50
\l_MT_shortvdotswithinadjustabove_dim=\dimen139
\l_MT_shortvdotswithinadjustbelow_dim=\dimen140
\l_MT_above_intertext_sep=\dimen141
\l_MT_below_intertext_sep=\dimen142
\l_MT_above_shortintertext_sep=\dimen143
\l_MT_below_shortintertext_sep=\dimen144
)
("C:\Program Files\MiKTeX 2.9\tex\latex\multirow\multirow.sty"
Package: multirow 2016/11/25 v2.2 Span multiple rows of a table
\multirow@colwidth=\skip51
\multirow@cntb=\count129
\multirow@dima=\skip52
\bigstrutjot=\dimen145
)
("C:\Program Files\MiKTeX 2.9\tex\latex\tools\tabularx.sty"
Package: tabularx 2016/02/03 v2.11 `tabularx' package (DPC)

("C:\Program Files\MiKTeX 2.9\tex\latex\tools\array.sty"
Package: array 2016/10/06 v2.4d Tabular extension package (FMi)
\col@sep=\dimen146
\extrarowheight=\dimen147
\NC@list=\toks29
\extratabsurround=\skip53
\backup@length=\skip54
)
\TX@col@width=\dimen148
\TX@old@table=\dimen149
\TX@old@col=\dimen150
\TX@target=\dimen151
\TX@delta=\dimen152
\TX@cols=\count130
\TX@ftn=\toks30
)
("C:\Program Files\MiKTeX 2.9\tex\latex\subfigure\subfigure.sty"
Package: subfigure 2002/07/30 v2.1.4 subfigure package
\subfigtopskip=\skip55
\subfigcapskip=\skip56
\subfigcaptopadj=\dimen153
\subfigbottomskip=\skip57
\subfigcapmargin=\dimen154
\subfiglabelskip=\skip58
\c@subfigure=\count131
\c@lofdepth=\count132
\c@subtable=\count133
\c@lotdepth=\count134

****************************************
* Local config file subfigure.cfg used *
****************************************
("C:\Program Files\MiKTeX 2.9\tex\latex\subfigure\subfigure.cfg")
\subfig@top=\skip59
\subfig@bottom=\skip60
)

Package hyperref Warning: Option `bookmarks' has already been used,
(hyperref)                setting the option has no effect on input line 83.

Package hyperref Info: Option `unicode' set `false' on input line 83.
("C:\Program Files\MiKTeX 2.9\tex\latex\ucs\uni-0.def"
File: uni-0.def 2013/05/13 UCS: Unicode data U+0000..U+00FF
)
Package hyperref Info: Option `pdfnewwindow' set `true' on input line 83.
Package hyperref Info: Option `colorlinks' set `true' on input line 83.
 (diploma.aux
(project.aux) (titlepage.aux) (declaration.aux))
\openout1 = `diploma.aux'.

LaTeX Font Info:    Checking defaults for OML/cmm/m/it on input line 162.
LaTeX Font Info:    ... okay on input line 162.
LaTeX Font Info:    Checking defaults for T1/cmr/m/n on input line 162.
LaTeX Font Info:    ... okay on input line 162.
LaTeX Font Info:    Checking defaults for OT1/cmr/m/n on input line 162.
LaTeX Font Info:    ... okay on input line 162.
LaTeX Font Info:    Checking defaults for OMS/cmsy/m/n on input line 162.
LaTeX Font Info:    ... okay on input line 162.
LaTeX Font Info:    Checking defaults for OMX/cmex/m/n on input line 162.
LaTeX Font Info:    ... okay on input line 162.
LaTeX Font Info:    Checking defaults for U/cmr/m/n on input line 162.
LaTeX Font Info:    ... okay on input line 162.
LaTeX Font Info:    Checking defaults for PD1/pdf/m/n on input line 162.
LaTeX Font Info:    ... okay on input line 162.

("C:\Program Files\MiKTeX 2.9\tex\latex\ucs\ucsencs.def"
File: ucsencs.def 2011/01/21 Fixes to fontencodings LGR, T3
)
("C:\Program Files\MiKTeX 2.9\tex\context\base\supp-pdf.mkii"
[Loading MPS to PDF converter (version 2006.09.02).]
\scratchcounter=\count135
\scratchdimen=\dimen155
\scratchbox=\box32
\nofMPsegments=\count136
\nofMParguments=\count137
\everyMPshowfont=\toks31
\MPscratchCnt=\count138
\MPscratchDim=\dimen156
\MPnumerator=\count139
\makeMPintoPDFobject=\count140
\everyMPtoPDFconversion=\toks32
) ("C:\Program Files\MiKTeX 2.9\tex\latex\oberdiek\epstopdf-base.sty"
Package: epstopdf-base 2016/05/15 v2.6 Base part for package epstopdf

("C:\Program Files\MiKTeX 2.9\tex\latex\oberdiek\grfext.sty"
Package: grfext 2016/05/16 v1.2 Manage graphics extensions (HO)
)
Package epstopdf-base Info: Redefining graphics rule for `.eps' on input line 4
38.
Package grfext Info: Graphics extension search list:
(grfext)             [.png,.pdf,.jpg,.mps,.jpeg,.jbig2,.jb2,.PNG,.PDF,.JPG,.JPE
G,.JBIG2,.JB2,.eps]
(grfext)             \AppendGraphicsExtensions on input line 456.
)
\c@lstlisting=\count141
Package lastpage Info: Please have a look at the pageslts package at
(lastpage)             https://www.ctan.org/pkg/pageslts
(lastpage)             ! on input line 162.


LaTeX Warning: Please use \usepackage[latin2]{inputenc} with
               \usepackage[magyar]{babel}.

Package caption Info: Begin \AtBeginDocument code.
Package caption Info: float package is loaded.
Package caption Info: hyperref package is loaded.
Package caption Info: subfigure package is loaded.
Package caption Info: End \AtBeginDocument code.
\AtBeginShipoutBox=\box33
Package hyperref Info: Link coloring ON on input line 162.
("C:\Program Files\MiKTeX 2.9\tex\latex\hyperref\nameref.sty"
Package: nameref 2016/05/21 v2.44 Cross-referencing by name of section

("C:\Program Files\MiKTeX 2.9\tex\generic\oberdiek\gettitlestring.sty"
Package: gettitlestring 2016/05/16 v1.5 Cleanup title references (HO)
)
\c@section@level=\count142
)
LaTeX Info: Redefining \ref on input line 162.
LaTeX Info: Redefining \pageref on input line 162.
LaTeX Info: Redefining \nameref on input line 162.

(diploma.out) (diploma.out)
\@outlinefile=\write3
\openout3 = `diploma.out'.


("C:\Program Files\MiKTeX 2.9\tex\latex\base\report.cls"
LaTeX Info: Redefining \cal on input line 576.
LaTeX Info: Redefining \mit on input line 577.
)
\openout2 = `project.aux'.

 (project.tex
("C:\Program Files\MiKTeX 2.9\tex\latex\ucs\uni-1.def"
File: uni-1.def 2013/05/13 UCS: Unicode data U+0100..U+01FF
)) [1




{C:/ProgramData/MiKTeX/2.9/pdftex/config/pdftex.map}]
\openout2 = `titlepage.aux'.

 (titlepage.tex
<figures/BMElogo.png, id=167, 975.645pt x 273.02pt>
File: figures/BMElogo.png Graphic file (type png)
 <use figures/BMElogo.png>
Package pdftex.def Info: figures/BMElogo.png used on input line 6.
(pdftex.def)             Requested size: 170.71652pt x 47.77087pt.
LaTeX Font Info:    Try loading font information for U+msa on input line 17.

("C:\Program Files\MiKTeX 2.9\tex\latex\amsfonts\umsa.fd"
File: umsa.fd 2013/01/14 v3.01 AMS symbols A
)
LaTeX Font Info:    Try loading font information for U+msb on input line 17.

("C:\Program Files\MiKTeX 2.9\tex\latex\amsfonts\umsb.fd"
File: umsb.fd 2013/01/14 v3.01 AMS symbols B
)
LaTeX Font Info:    Try loading font information for U+rsfs on input line 17.

("C:\Program Files\MiKTeX 2.9\tex\latex\jknappen\ursfs.fd"
File: ursfs.fd 1998/03/24 rsfs font definition file (jk)
)pdfTeX warning (ext4): destination with the same identifier (name{page.1}) has
 been already used, duplicate ignored
<to be read again> 
                   \relax 
l.25 \end{titlepage}
                     [1


 <./figures/BMElogo.png>]) (diploma.tocpdfTeX warning (ext4): destination with 
the same identifier (name{page.1}) has been already used, duplicate ignored
<to be read again> 
                   \relax 
l.30 ... {\'a}l\IeC {\'a}sa}{26}{subsection.5.2.1}
                                                   [1




pdfTeX warning: pdflatex: pop empty color page stack 0
])
\tf@toc=\write4
\openout4 = `diploma.toc'.

 [2]
\openout2 = `declaration.aux'.

 (declaration.tex [3

]) (abstract.tex [4



]) (chapters/introduction.tex
[5

]
1. fejezet.

Package hyperref Warning: Glyph not defined in PD1 encoding,
(hyperref)                removing `\H' on input line 2.

) (chapters/camera.tex [6

] [7]
2. fejezet.
<chapters/camera/image3.png, id=244, 395.22656pt x 223.58531pt>
File: chapters/camera/image3.png Graphic file (type png)

<use chapters/camera/image3.png>
Package pdftex.def Info: chapters/camera/image3.png used on input line 8.
(pdftex.def)             Requested size: 298.75264pt x 169.00885pt.

Overfull \hbox (0.56094pt too wide) in paragraph at lines 14--15
[]\T1/cmr/m/n/10.95 A ka-me-rá-hoz de-fi-ni-ál-ha-tó egy ka-me-ra koordináta-re
ndszer. En-nek a koordináta-rendszernek
 []

[8

 <./chapters/camera/image3.png>]
LaTeX Font Info:    Try loading font information for OMS+cmr on input line 36.

("C:\Program Files\MiKTeX 2.9\tex\latex\base\omscmr.fd"
File: omscmr.fd 2014/09/29 v2.5h Standard LaTeX font definitions
)
LaTeX Font Info:    Font shape `OMS/cmr/m/n' in size <10.95> not available
(Font)              Font shape `OMS/cmsy/m/n' tried instead on input line 36.
 [9]

Package hyperref Warning: Glyph not defined in PD1 encoding,
(hyperref)                removing `\H' on input line 53.

<chapters/camera/ransac.png, id=268, 578.16pt x 433.62pt>
File: chapters/camera/ransac.png Graphic file (type png)

<use chapters/camera/ransac.png>
Package pdftex.def Info: chapters/camera/ransac.png used on input line 67.
(pdftex.def)             Requested size: 298.75264pt x 224.06114pt.
 [10]
Underfull \hbox (badness 10000) in alignment at lines 95--95
[][][][][][][][][][] 
 []

) (chapters/arr_calib.tex [11 <./chapters/camera/ransac.png>] [12]
3. fejezet.
[13

] [14] [15] [16] [17]) (chapters/feature.tex [18]
4. fejezet.

Package hyperref Warning: Glyph not defined in PD1 encoding,
(hyperref)                removing `\H' on input line 2.

[19

] [20]

Package hyperref Warning: Glyph not defined in PD1 encoding,
(hyperref)                removing `\H' on input line 52.

[21]

Package hyperref Warning: Glyph not defined in PD1 encoding,
(hyperref)                removing `\H' on input line 60.


Package hyperref Warning: Glyph not defined in PD1 encoding,
(hyperref)                removing `\H' on input line 70.


Package hyperref Warning: Glyph not defined in PD1 encoding,
(hyperref)                removing `\H' on input line 70.


Package hyperref Warning: Glyph not defined in PD1 encoding,
(hyperref)                removing `\H' on input line 78.

) (chapters/reconstr.tex [22] [23]
5. fejezet.
[24

] [25]

Package hyperref Warning: Glyph not defined in PD1 encoding,
(hyperref)                removing `\H' on input line 101.

) (chapters/implementation.tex [26]
6. fejezet.
[27

]

LaTeX Warning: Command \textdegree invalid in math mode on input line 28.


LaTeX Warning: Command \textdegree invalid in math mode on input line 28.


LaTeX Warning: Command \textdegree invalid in math mode on input line 28.


LaTeX Warning: Command \textdegree invalid in math mode on input line 36.


LaTeX Warning: Command \textdegree invalid in math mode on input line 36.


LaTeX Warning: Command \textdegree invalid in math mode on input line 36.

<chapters/implementation/3dreconstr.jpg, id=428, 963.6pt x 722.7pt>
File: chapters/implementation/3dreconstr.jpg Graphic file (type jpg)

<use chapters/implementation/3dreconstr.jpg>
Package pdftex.def Info: chapters/implementation/3dreconstr.jpg used on input l
ine 40.
(pdftex.def)             Requested size: 426.79135pt x 320.0842pt.
 [28]
<chapters/implementation/megfog.jpg, id=438, 2601.72pt x 1461.46pt>
File: chapters/implementation/megfog.jpg Graphic file (type jpg)

<use chapters/implementation/megfog.jpg>
Package pdftex.def Info: chapters/implementation/megfog.jpg used on input line 
53.
(pdftex.def)             Requested size: 192.0548pt x 107.86536pt.

<chapters/implementation/cel.jpg, id=439, 2601.72pt x 1461.46pt>
File: chapters/implementation/cel.jpg Graphic file (type jpg)

<use chapters/implementation/cel.jpg>
Package pdftex.def Info: chapters/implementation/cel.jpg used on input line 54.

(pdftex.def)             Requested size: 192.0548pt x 107.86536pt.

<chapters/implementation/cel_cam.png, id=440, 481.8pt x 361.35pt>
File: chapters/implementation/cel_cam.png Graphic file (type png)

<use chapters/implementation/cel_cam.png>
Package pdftex.def Info: chapters/implementation/cel_cam.png used on input line
 55.
(pdftex.def)             Requested size: 192.0548pt x 144.0412pt.
 [29 <./chapters/implementation/3dreconstr.jpg>]
<chapters/implementation/system.png, id=449, 2607.7425pt x 2567.84344pt>
File: chapters/implementation/system.png Graphic file (type png)

<use chapters/implementation/system.png>
Package pdftex.def Info: chapters/implementation/system.png used on input line 
73.
(pdftex.def)             Requested size: 426.79135pt x 420.22787pt.
 [30 <./chapters/implementation/megfog.jpg> <./chapters/implementation/cel.jpg>
 <./chapters/implementation/cel_cam.png>] <chapters/implementation/robocam.jpg,
 id=460, 2601.72pt x 1461.46pt>
File: chapters/implementation/robocam.jpg Graphic file (type jpg)

<use chapters/implementation/robocam.jpg>
Package pdftex.def Info: chapters/implementation/robocam.jpg used on input line
 82.
(pdftex.def)             Requested size: 426.79135pt x 239.72559pt.
 [31 <./chapters/implementation/system.png>] <chapters/implementation/gui.png, 
id=466, 1073.51062pt x 601.4972pt>
File: chapters/implementation/gui.png Graphic file (type png)

<use chapters/implementation/gui.png>
Package pdftex.def Info: chapters/implementation/gui.png used on input line 102
.
(pdftex.def)             Requested size: 426.79135pt x 239.1353pt.
 [32 <./chapters/implementation/robocam.jpg>]) (chapters/results.tex [33 <./cha
pters/implementation/gui.png>]
7. fejezet.
<chapters/results/arr1.jpg, id=481, 502.87875pt x 609.27625pt>
File: chapters/results/arr1.jpg Graphic file (type jpg)

<use chapters/results/arr1.jpg>
Package pdftex.def Info: chapters/results/arr1.jpg used on input line 11.
(pdftex.def)             Requested size: 197.26524pt x 239.0021pt.

<chapters/results/arr2.jpg, id=482, 971.63pt x 1207.51125pt>
File: chapters/results/arr2.jpg Graphic file (type jpg)

<use chapters/results/arr2.jpg>
Package pdftex.def Info: chapters/results/arr2.jpg used on input line 12.
(pdftex.def)             Requested size: 192.30624pt x 239.0021pt.

<chapters/results/arr3.jpg, id=483, 1007.765pt x 1179.40625pt>
File: chapters/results/arr3.jpg Graphic file (type jpg)

<use chapters/results/arr3.jpg>
Package pdftex.def Info: chapters/results/arr3.jpg used on input line 13.
(pdftex.def)             Requested size: 192.0548pt x 224.75537pt.
 [34

]
Overfull \hbox (9.07613pt too wide) in paragraph at lines 103--115
 [][] 
 []

[35 <./chapters/results/arr1.jpg> <./chapters/results/arr2.jpg> <./chapters/res
ults/arr3.jpg>]
Overfull \hbox (9.07613pt too wide) in paragraph at lines 120--132
 [][] 
 []


Overfull \hbox (9.07613pt too wide) in paragraph at lines 137--148
 [][] 
 []

Package epstopdf Info: Source file: <chapters/results/err1.eps>
(epstopdf)                    date: 2017-05-20 21:40:29
(epstopdf)                    size: 29181 bytes
(epstopdf)             Output file: <chapters/results/err1-eps-converted-to.pdf
>
(epstopdf)             Command: <epstopdf --outfile=chapters/results/err1-eps-c
onverted-to.pdf chapters/results/err1.eps>
(epstopdf)             \includegraphics on input line 155.
runsystem(epstopdf --outfile=chapters/results/err1-eps-converted-to.pdf chapter
s/results/err1.eps)...executed (allowed).

Package epstopdf Info: Result file: <chapters/results/err1-eps-converted-to.pdf
>
(epstopdf)                    date: 2017-05-20 22:02:39
(epstopdf)                    size: 25994 bytes.
<chapters/results/err1-eps-converted-to.pdf, id=497, 650.43pt x 289.08pt>
File: chapters/results/err1-eps-converted-to.pdf Graphic file (type pdf)

<use chapters/results/err1-eps-converted-to.pdf>
Package pdftex.def Info: chapters/results/err1-eps-converted-to.pdf used on inp
ut line 155.
(pdftex.def)             Requested size: 384.1096pt x 170.71892pt.
 [36]
Package epstopdf Info: Source file: <chapters/results/err2.eps>
(epstopdf)                    date: 2017-05-20 21:40:30
(epstopdf)                    size: 29179 bytes
(epstopdf)             Output file: <chapters/results/err2-eps-converted-to.pdf
>
(epstopdf)             Command: <epstopdf --outfile=chapters/results/err2-eps-c
onverted-to.pdf chapters/results/err2.eps>
(epstopdf)             \includegraphics on input line 162.
runsystem(epstopdf --outfile=chapters/results/err2-eps-converted-to.pdf chapter
s/results/err2.eps)...executed (allowed).

Package epstopdf Info: Result file: <chapters/results/err2-eps-converted-to.pdf
>
(epstopdf)                    date: 2017-05-20 22:02:40
(epstopdf)                    size: 26027 bytes.

<chapters/results/err2-eps-converted-to.pdf, id=505, 650.43pt x 289.08pt>
File: chapters/results/err2-eps-converted-to.pdf Graphic file (type pdf)

<use chapters/results/err2-eps-converted-to.pdf>
Package pdftex.def Info: chapters/results/err2-eps-converted-to.pdf used on inp
ut line 162.
(pdftex.def)             Requested size: 384.1096pt x 170.71892pt.
Package epstopdf Info: Source file: <chapters/results/err3.eps>
(epstopdf)                    date: 2017-05-20 21:40:31
(epstopdf)                    size: 28993 bytes
(epstopdf)             Output file: <chapters/results/err3-eps-converted-to.pdf
>
(epstopdf)             Command: <epstopdf --outfile=chapters/results/err3-eps-c
onverted-to.pdf chapters/results/err3.eps>
(epstopdf)             \includegraphics on input line 169.
runsystem(epstopdf --outfile=chapters/results/err3-eps-converted-to.pdf chapter
s/results/err3.eps)...executed (allowed).

Package epstopdf Info: Result file: <chapters/results/err3-eps-converted-to.pdf
>
(epstopdf)                    date: 2017-05-20 22:02:41
(epstopdf)                    size: 24538 bytes.

<chapters/results/err3-eps-converted-to.pdf, id=506, 650.43pt x 289.08pt>
File: chapters/results/err3-eps-converted-to.pdf Graphic file (type pdf)

<use chapters/results/err3-eps-converted-to.pdf>
Package pdftex.def Info: chapters/results/err3-eps-converted-to.pdf used on inp
ut line 169.
(pdftex.def)             Requested size: 384.1096pt x 170.71892pt.
) (chapters/eval.tex [37 <./chapters/results/err1-eps-converted-to.pdf> <./chap
ters/results/err2-eps-converted-to.pdf> <./chapters/results/err3-eps-converted-
to.pdf>]
8. fejezet.

Package hyperref Warning: Glyph not defined in PD1 encoding,
(hyperref)                removing `\H' on input line 1.

) (appendices.tex [38

]) [39

]
LaTeX Font Info:    Try loading font information for T1+cmtt on input line 218.


("C:\Program Files\MiKTeX 2.9\tex\latex\base\t1cmtt.fd"
File: t1cmtt.fd 2014/09/29 v2.5h Standard LaTeX font definitions
)
Overfull \hbox (5.09734pt too wide) in paragraph at lines 220--222
\T1/cmr/m/n/10.95 Forrás: [][]$\T1/cmtt/m/n/10.95 http : / / scikit-[]learn . o
rg / stable / auto _ examples / linear _ model / plot _ ransac .
 []

(diploma.bbl [40

] ("C:\Program Files\MiKTeX 2.9\tex\latex\ucs\uni-32.def"
File: uni-32.def 2013/05/13 UCS: Unicode data U+2000..U+20FF
))

AED: lastpage setting LastPage
[41

]
Package atveryend Info: Empty hook `BeforeClearDocument' on input line 230.
Package atveryend Info: Empty hook `AfterLastShipout' on input line 230.
 (diploma.aux (project.aux) (titlepage.aux) (declaration.aux))
Package atveryend Info: Executing hook `AtVeryEndDocument' on input line 230.
Package atveryend Info: Executing hook `AtEndAfterFileList' on input line 230.
Package rerunfilecheck Info: File `diploma.out' has not changed.
(rerunfilecheck)             Checksum: 1B7E0392D8410FD5E325E7699258D0CB;3282.
Package atveryend Info: Empty hook `AtVeryVeryEnd' on input line 230.
 ) 
Here is how much of TeX's memory you used:
 12818 strings out of 493333
 190324 string characters out of 3139197
 301447 words of memory out of 3000000
 15907 multiletter control sequences out of 15000+200000
 23473 words of font info for 57 fonts, out of 3000000 for 9000
 1141 hyphenation exceptions out of 8191
 36i,16n,39p,1144b,569s stack positions out of 5000i,500n,10000p,200000b,50000s
 <C:\Users\Dani\AppData\Local\MiKTeX\2.9\fonts\pk\ljfour\jknappen\ec\dpi600\e
ctt1095.pk> <C:\Users\Dani\AppData\Local\MiKTeX\2.9\fonts\pk\ljfour\jknappen\ec
\dpi600\ecrm0900.pk> <C:\Users\Dani\AppData\Local\MiKTeX\2.9\fonts\pk\ljfour\jk
nappen\ec\dpi600\ecti0900.pk> <C:\Users\Dani\AppData\Local\MiKTeX\2.9\fonts\pk\
ljfour\jknappen\ec\dpi600\ecbx1000.pk> <C:\Users\Dani\AppData\Local\MiKTeX\2.9\
fonts\pk\ljfour\jknappen\ec\dpi600\ecbx2488.pk> <C:\Users\Dani\AppData\Local\Mi
KTeX\2.9\fonts\pk\ljfour\jknappen\ec\dpi600\ecrm1200.pk> <C:\Users\Dani\AppData
\Local\MiKTeX\2.9\fonts\pk\ljfour\jknappen\ec\dpi600\eccc1440.pk> <C:\Users\Dan
i\AppData\Local\MiKTeX\2.9\fonts\pk\ljfour\jknappen\ec\dpi600\ecbx2074.pk> <C:\
Users\Dani\AppData\Local\MiKTeX\2.9\fonts\pk\ljfour\jknappen\ec\dpi600\ecbx1095
.pk> <C:\Users\Dani\AppData\Local\MiKTeX\2.9\fonts\pk\ljfour\jknappen\ec\dpi600
\ecti1095.pk> <C:\Users\Dani\AppData\Local\MiKTeX\2.9\fonts\pk\ljfour\jknappen\
ec\dpi600\ecrm1095.pk> <C:\Users\Dani\AppData\Local\MiKTeX\2.9\fonts\pk\ljfour\
jknappen\ec\dpi600\ecbx1200.pk><C:/Program Files/MiKTeX 2.9/fonts/type1/public/
amsfonts/cm/cmbx10.pfb><C:/Program Files/MiKTeX 2.9/fonts/type1/public/amsfonts
/cm/cmbx8.pfb><C:/Program Files/MiKTeX 2.9/fonts/type1/public/amsfonts/cm/cmex1
0.pfb><C:/Program Files/MiKTeX 2.9/fonts/type1/public/amsfonts/cmextra/cmex8.pf
b><C:/Program Files/MiKTeX 2.9/fonts/type1/public/amsfonts/cm/cmmi10.pfb><C:/Pr
ogram Files/MiKTeX 2.9/fonts/type1/public/amsfonts/cm/cmmi6.pfb><C:/Program Fil
es/MiKTeX 2.9/fonts/type1/public/amsfonts/cm/cmmi8.pfb><C:/Program Files/MiKTeX
 2.9/fonts/type1/public/amsfonts/cm/cmr10.pfb><C:/Program Files/MiKTeX 2.9/font
s/type1/public/amsfonts/cm/cmr8.pfb><C:/Program Files/MiKTeX 2.9/fonts/type1/pu
blic/amsfonts/cm/cmsy10.pfb><C:/Program Files/MiKTeX 2.9/fonts/type1/public/ams
fonts/cm/cmsy8.pfb><C:/Program Files/MiKTeX 2.9/fonts/type1/public/amsfonts/sym
bols/msbm10.pfb>
Output written on diploma.pdf (43 pages, 15177133 bytes).
PDF statistics:
 1234 PDF objects out of 1440 (max. 8388607)
 165 named destinations out of 1000 (max. 500000)
 393 words of extra memory for PDF output out of 10000 (max. 10000000)

